<?xml version="1.0" encoding="UTF-8"?>
<testsuite name="PasswordCheckerTest" tests="1" skipped="0" failures="0" errors="0" timestamp="2020-03-05T07:12:10" hostname="admin1-ThinkCentre-M72e" time="0.022">
  <properties/>
  <testcase name="passwordIsOk()" classname="PasswordCheckerTest" time="0.022"/>
  <system-out><![CDATA[Password is Ok!
]]></system-out>
  <system-err><![CDATA[]]></system-err>
</testsuite>
